build/app/intermediates/manifest_merge_blame_file/debug/manifest-merger-blame-debug-report.txt
1<?xml version="1.0" encoding="utf-8"?>
2<manifest xmlns:android="http://schemas.android.com/apk/res/android"
3    package="github.nisrulz.usingbottomnavbar"
4    android:versionCode="1"
5    android:versionName="1.0" >
6
7    <uses-sdk
8        android:minSdkVersion="16"
8-->src\main\AndroidManifest.xml
9        android:targetSdkVersion="29" />
9-->src\main\AndroidManifest.xml
10
11    <!--
12         The INTERNET permission is required for development. Specifically,
13         flutter needs it to communicate with the running application
14         to allow setting breakpoints, to provide hot reload, etc.
15    -->
16    <uses-permission android:name="android.permission.INTERNET" />
16-->src\main\AndroidManifest.xml:8:5-66
16-->src\main\AndroidManifest.xml:8:22-64
17    <!--
18     io.flutter.app.FlutterApplication is an android.app.Application that
19         calls FlutterMain.startInitialization(this); in its onCreate method.
20         In most cases you can leave this as-is, but you if you want to provide
21         additional functionality it is fine to subclass or reimplement
22         FlutterApplication and put your custom class here.
23    -->
24    <application
24-->src\main\AndroidManifest.xml:15:5-27:19
25        android:name="io.flutter.app.FlutterApplication"
25-->src\main\AndroidManifest.xml:15:18-66
26        android:appComponentFactory="android.support.v4.app.CoreComponentFactory"
26-->[com.android.support:support-compat:28.0.0] AndroidManifest.xml:22:18-91
27        android:debuggable="true"
28        android:icon="@mipmap/ic_launcher"
28-->src\main\AndroidManifest.xml:15:104-138
29        android:label="using_bottom_nav_bar" >
29-->src\main\AndroidManifest.xml:15:67-103
30        <activity
30-->src\main\AndroidManifest.xml:16:9-26:20
31            android:name="github.nisrulz.usingbottomnavbar.MainActivity"
31-->src\main\AndroidManifest.xml:16:19-47
32            android:configChanges="orientation|keyboardHidden|keyboard|screenSize|locale|layoutDirection"
32-->src\main\AndroidManifest.xml:19:19-112
33            android:hardwareAccelerated="true"
33-->src\main\AndroidManifest.xml:20:19-53
34            android:launchMode="singleTop"
34-->src\main\AndroidManifest.xml:17:19-49
35            android:theme="@android:style/Theme.Black.NoTitleBar"
35-->src\main\AndroidManifest.xml:18:19-72
36            android:windowSoftInputMode="adjustResize" >
36-->src\main\AndroidManifest.xml:21:19-61
37            <intent-filter>
37-->src\main\AndroidManifest.xml:22:13-25:29
38                <action android:name="android.intent.action.MAIN" />
38-->src\main\AndroidManifest.xml:23:17-68
38-->src\main\AndroidManifest.xml:23:25-66
39
40                <category android:name="android.intent.category.LAUNCHER" />
40-->src\main\AndroidManifest.xml:24:17-76
40-->src\main\AndroidManifest.xml:24:27-74
41            </intent-filter>
42        </activity>
43    </application>
44
45</manifest>